<?xml version="1.0" encoding="UTF-8"?>
<!-- Generated by org.testng.reporters.JUnitReportReporter -->
<testsuite skipped="0" hostname="DESKTOP-H5NOQRE" name="org.sample.Facebook" tests="4" failures="0" timestamp="02 Nov 2022 13:42:10 GMT" time="40.149" errors="0">
  <testcase name="test1" time="14.181" classname="org.sample.Facebook"/>
  <testcase name="test1" time="2.378" classname="org.sample.Facebook"/>
  <testcase name="test1" time="1.749" classname="org.sample.Facebook"/>
  <testcase name="test1" time="21.841" classname="org.sample.Facebook"/>
</testsuite> <!-- org.sample.Facebook -->
