<?xml version="1.0" encoding="UTF-8"?>
<!-- Generated by org.testng.reporters.JUnitReportReporter -->
<testsuite skipped="0" hostname="DESKTOP-H5NOQRE" name="org.sample.C" tests="3" failures="0" timestamp="31 Oct 2022 07:06:59 GMT" time="0.004" errors="0">
  <testcase name="test2" time="0.001" classname="org.sample.C"/>
  <testcase name="test1" time="0.002" classname="org.sample.C"/>
  <testcase name="test3" time="0.001" classname="org.sample.C"/>
</testsuite> <!-- org.sample.C -->
