<?xml version="1.0" encoding="UTF-8"?>
<!-- Generated by org.testng.reporters.JUnitReportReporter -->
<testsuite skipped="1" hostname="DESKTOP-H5NOQRE" name="org.sample.SampleTestng" tests="2" failures="0" timestamp="31 Oct 2022 06:43:08 GMT" time="0.003" errors="0">
  <testcase name="test2" time="0.003" classname="org.sample.SampleTestng"/>
  <testcase name="test" classname="org.sample.SampleTestng">
    <skipped/>
  </testcase> <!-- test -->
</testsuite> <!-- org.sample.SampleTestng -->
