<?xml version="1.0" encoding="UTF-8"?>
<!-- Generated by org.testng.reporters.JUnitReportReporter -->
<testsuite skipped="0" hostname="DESKTOP-H5NOQRE" name="org.grouping.B" tests="2" failures="0" timestamp="03 Nov 2022 14:21:31 GMT" time="0.009" errors="0">
  <testcase name="test7" time="0.008" classname="org.grouping.B"/>
  <testcase name="test8" time="0.001" classname="org.grouping.B"/>
</testsuite> <!-- org.grouping.B -->
