<?xml version="1.0" encoding="UTF-8"?>
<!-- Generated by org.testng.reporters.JUnitReportReporter -->
<testsuite skipped="2" hostname="DESKTOP-H5NOQRE" name="org.sample.A" tests="3" failures="0" timestamp="01 Nov 2022 05:56:33 GMT" time="0.007" errors="0">
  <testcase name="test1" time="0.007" classname="org.sample.A"/>
  <testcase name="test3" classname="org.sample.A">
    <skipped/>
  </testcase> <!-- test3 -->
  <testcase name="test2" classname="org.sample.A">
    <skipped/>
  </testcase> <!-- test2 -->
</testsuite> <!-- org.sample.A -->
